<?xml version="1.0" encoding="UTF-8"?>
<testng-results skipped="0" failed="2" total="2" passed="0">
  <reporter-output>
  </reporter-output>
  <suite name="Sample Suite" duration-ms="59170" started-at="2017-10-27T14:28:31Z" finished-at="2017-10-27T14:29:30Z">
    <groups>
    </groups>
    <test name="Sample Test" duration-ms="59170" started-at="2017-10-27T14:28:31Z" finished-at="2017-10-27T14:29:30Z">
      <class name="com.coveros.appium_testing.YoutubeTests">
        <test-method status="PASS" signature="setup()" name="setup" is-config="true" duration-ms="25169" started-at="2017-10-27T14:28:31Z" finished-at="2017-10-27T14:28:56Z">
        </test-method>
        <test-method status="FAIL" signature="youtubeSearch()" name="youtubeSearch" duration-ms="19527" started-at="2017-10-27T14:28:56Z" finished-at="2017-10-27T14:29:16Z">
          <exception class="org.openqa.selenium.NoSuchElementException">
            <message>
              <![CDATA[An element could not be located on the page using the given search parameters. (WARNING: The server did not provide any stacktrace information)
Command duration or timeout: 18.61 seconds
For documentation on this error, please visit: http://seleniumhq.org/exceptions/no_such_element.html
Build info: version: '2.46.0', revision: '61506a4624b13675f24581e453592342b7485d71', time: '2015-06-04 10:22:50'
System info: host: 'CoverosSpare', ip: '192.168.1.174', os.name: 'Windows 8.1', os.arch: 'amd64', os.version: '6.3', java.version: '1.8.0_144'
Driver info: io.appium.java_client.android.AndroidDriver
Capabilities [{appPackage=com.google.android.youtube, deviceScreenSize=1440x2960, networkConnectionEnabled=true, warnings={}, databaseEnabled=false, deviceName=192.168.250.101:5555, platform=LINUX, deviceUDID=192.168.250.101:5555, appActivity=com.google.android.apps.youtube.app.WatchWhileActivity, desired={appPackage=com.google.android.youtube, appActivity=com.google.android.apps.youtube.app.WatchWhileActivity, browserName=, platformName=Android, deviceName=emulator}, platformVersion=7.0, webStorageEnabled=false, locationContextEnabled=false, takesScreenshot=true, browserName=, javascriptEnabled=true, deviceModel=Samsung Galaxy S8  API 24, platformName=Android, deviceManufacturer=Genymotion}]
Session ID: 249674f3-7340-4b65-862d-8488bc0d4af2]]>
            </message>
            <full-stacktrace>
              <![CDATA[org.openqa.selenium.NoSuchElementException: An element could not be located on the page using the given search parameters. (WARNING: The server did not provide any stacktrace information)
Command duration or timeout: 18.61 seconds
For documentation on this error, please visit: http://seleniumhq.org/exceptions/no_such_element.html
Build info: version: '2.46.0', revision: '61506a4624b13675f24581e453592342b7485d71', time: '2015-06-04 10:22:50'
System info: host: 'CoverosSpare', ip: '192.168.1.174', os.name: 'Windows 8.1', os.arch: 'amd64', os.version: '6.3', java.version: '1.8.0_144'
Driver info: io.appium.java_client.android.AndroidDriver
Capabilities [{appPackage=com.google.android.youtube, deviceScreenSize=1440x2960, networkConnectionEnabled=true, warnings={}, databaseEnabled=false, deviceName=192.168.250.101:5555, platform=LINUX, deviceUDID=192.168.250.101:5555, appActivity=com.google.android.apps.youtube.app.WatchWhileActivity, desired={appPackage=com.google.android.youtube, appActivity=com.google.android.apps.youtube.app.WatchWhileActivity, browserName=, platformName=Android, deviceName=emulator}, platformVersion=7.0, webStorageEnabled=false, locationContextEnabled=false, takesScreenshot=true, browserName=, javascriptEnabled=true, deviceModel=Samsung Galaxy S8  API 24, platformName=Android, deviceManufacturer=Genymotion}]
Session ID: 249674f3-7340-4b65-862d-8488bc0d4af2
	at sun.reflect.NativeConstructorAccessorImpl.newInstance0(Native Method)
	at sun.reflect.NativeConstructorAccessorImpl.newInstance(NativeConstructorAccessorImpl.java:62)
	at sun.reflect.DelegatingConstructorAccessorImpl.newInstance(DelegatingConstructorAccessorImpl.java:45)
	at java.lang.reflect.Constructor.newInstance(Constructor.java:423)
	at org.openqa.selenium.remote.ErrorHandler.createThrowable(ErrorHandler.java:204)
	at org.openqa.selenium.remote.ErrorHandler.throwIfResponseFailed(ErrorHandler.java:156)
	at org.openqa.selenium.remote.RemoteWebDriver.execute(RemoteWebDriver.java:605)
	at io.appium.java_client.DefaultGenericMobileDriver.execute(DefaultGenericMobileDriver.java:27)
	at io.appium.java_client.AppiumDriver.execute(AppiumDriver.java:1)
	at io.appium.java_client.android.AndroidDriver.execute(AndroidDriver.java:1)
	at org.openqa.selenium.remote.RemoteWebElement.execute(RemoteWebElement.java:269)
	at io.appium.java_client.DefaultGenericMobileElement.execute(DefaultGenericMobileElement.java:27)
	at io.appium.java_client.MobileElement.execute(MobileElement.java:1)
	at io.appium.java_client.android.AndroidElement.execute(AndroidElement.java:1)
	at org.openqa.selenium.remote.RemoteWebElement.click(RemoteWebElement.java:80)
	at com.coveros.appium_testing.YoutubeTests.youtubeSearch(YoutubeTests.java:47)
	at sun.reflect.NativeMethodAccessorImpl.invoke0(Native Method)
	at sun.reflect.NativeMethodAccessorImpl.invoke(NativeMethodAccessorImpl.java:62)
	at sun.reflect.DelegatingMethodAccessorImpl.invoke(DelegatingMethodAccessorImpl.java:43)
	at java.lang.reflect.Method.invoke(Method.java:498)
	at org.testng.internal.MethodInvocationHelper.invokeMethod(MethodInvocationHelper.java:80)
	at org.testng.internal.Invoker.invokeMethod(Invoker.java:673)
	at org.testng.internal.Invoker.invokeTestMethod(Invoker.java:842)
	at org.testng.internal.Invoker.invokeTestMethods(Invoker.java:1166)
	at org.testng.internal.TestMethodWorker.invokeTestMethods(TestMethodWorker.java:125)
	at org.testng.internal.TestMethodWorker.run(TestMethodWorker.java:109)
	at java.util.concurrent.ThreadPoolExecutor.runWorker(ThreadPoolExecutor.java:1149)
	at java.util.concurrent.ThreadPoolExecutor$Worker.run(ThreadPoolExecutor.java:624)
	at java.lang.Thread.run(Thread.java:748)
]]>
            </full-stacktrace>
          </exception>
        </test-method>
        <test-method status="FAIL" signature="checkCloseButton()" name="checkCloseButton" duration-ms="30653" started-at="2017-10-27T14:28:56Z" finished-at="2017-10-27T14:29:27Z">
          <exception class="org.openqa.selenium.NoSuchElementException">
            <message>
              <![CDATA[An element could not be located on the page using the given search parameters. (WARNING: The server did not provide any stacktrace information)
Command duration or timeout: 26.59 seconds
For documentation on this error, please visit: http://seleniumhq.org/exceptions/no_such_element.html
Build info: version: '2.46.0', revision: '61506a4624b13675f24581e453592342b7485d71', time: '2015-06-04 10:22:50'
System info: host: 'CoverosSpare', ip: '192.168.1.174', os.name: 'Windows 8.1', os.arch: 'amd64', os.version: '6.3', java.version: '1.8.0_144'
Driver info: io.appium.java_client.android.AndroidDriver
Capabilities [{appPackage=com.google.android.youtube, deviceScreenSize=1440x2960, networkConnectionEnabled=true, warnings={}, databaseEnabled=false, deviceName=192.168.250.101:5555, platform=LINUX, deviceUDID=192.168.250.101:5555, appActivity=com.google.android.apps.youtube.app.WatchWhileActivity, desired={appPackage=com.google.android.youtube, appActivity=com.google.android.apps.youtube.app.WatchWhileActivity, browserName=, platformName=Android, deviceName=emulator}, platformVersion=7.0, webStorageEnabled=false, locationContextEnabled=false, takesScreenshot=true, browserName=, javascriptEnabled=true, deviceModel=Samsung Galaxy S8  API 24, platformName=Android, deviceManufacturer=Genymotion}]
Session ID: 249674f3-7340-4b65-862d-8488bc0d4af2
*** Element info: {Using=accessibility id, value=Close}]]>
            </message>
            <full-stacktrace>
              <![CDATA[org.openqa.selenium.NoSuchElementException: An element could not be located on the page using the given search parameters. (WARNING: The server did not provide any stacktrace information)
Command duration or timeout: 26.59 seconds
For documentation on this error, please visit: http://seleniumhq.org/exceptions/no_such_element.html
Build info: version: '2.46.0', revision: '61506a4624b13675f24581e453592342b7485d71', time: '2015-06-04 10:22:50'
System info: host: 'CoverosSpare', ip: '192.168.1.174', os.name: 'Windows 8.1', os.arch: 'amd64', os.version: '6.3', java.version: '1.8.0_144'
Driver info: io.appium.java_client.android.AndroidDriver
Capabilities [{appPackage=com.google.android.youtube, deviceScreenSize=1440x2960, networkConnectionEnabled=true, warnings={}, databaseEnabled=false, deviceName=192.168.250.101:5555, platform=LINUX, deviceUDID=192.168.250.101:5555, appActivity=com.google.android.apps.youtube.app.WatchWhileActivity, desired={appPackage=com.google.android.youtube, appActivity=com.google.android.apps.youtube.app.WatchWhileActivity, browserName=, platformName=Android, deviceName=emulator}, platformVersion=7.0, webStorageEnabled=false, locationContextEnabled=false, takesScreenshot=true, browserName=, javascriptEnabled=true, deviceModel=Samsung Galaxy S8  API 24, platformName=Android, deviceManufacturer=Genymotion}]
Session ID: 249674f3-7340-4b65-862d-8488bc0d4af2
*** Element info: {Using=accessibility id, value=Close}
	at sun.reflect.NativeConstructorAccessorImpl.newInstance0(Native Method)
	at sun.reflect.NativeConstructorAccessorImpl.newInstance(NativeConstructorAccessorImpl.java:62)
	at sun.reflect.DelegatingConstructorAccessorImpl.newInstance(DelegatingConstructorAccessorImpl.java:45)
	at java.lang.reflect.Constructor.newInstance(Constructor.java:423)
	at org.openqa.selenium.remote.ErrorHandler.createThrowable(ErrorHandler.java:204)
	at org.openqa.selenium.remote.ErrorHandler.throwIfResponseFailed(ErrorHandler.java:156)
	at org.openqa.selenium.remote.RemoteWebDriver.execute(RemoteWebDriver.java:605)
	at io.appium.java_client.DefaultGenericMobileDriver.execute(DefaultGenericMobileDriver.java:27)
	at io.appium.java_client.AppiumDriver.execute(AppiumDriver.java:1)
	at io.appium.java_client.android.AndroidDriver.execute(AndroidDriver.java:1)
	at org.openqa.selenium.remote.RemoteWebDriver.findElement(RemoteWebDriver.java:358)
	at io.appium.java_client.DefaultGenericMobileDriver.findElementByAccessibilityId(DefaultGenericMobileDriver.java:108)
	at io.appium.java_client.AppiumDriver.findElementByAccessibilityId(AppiumDriver.java:1)
	at io.appium.java_client.android.AndroidDriver.findElementByAccessibilityId(AndroidDriver.java:1)
	at com.coveros.appium_testing.YoutubeTests.checkCloseButton(YoutubeTests.java:62)
	at sun.reflect.NativeMethodAccessorImpl.invoke0(Native Method)
	at sun.reflect.NativeMethodAccessorImpl.invoke(NativeMethodAccessorImpl.java:62)
	at sun.reflect.DelegatingMethodAccessorImpl.invoke(DelegatingMethodAccessorImpl.java:43)
	at java.lang.reflect.Method.invoke(Method.java:498)
	at org.testng.internal.MethodInvocationHelper.invokeMethod(MethodInvocationHelper.java:80)
	at org.testng.internal.Invoker.invokeMethod(Invoker.java:673)
	at org.testng.internal.Invoker.invokeTestMethod(Invoker.java:842)
	at org.testng.internal.Invoker.invokeTestMethods(Invoker.java:1166)
	at org.testng.internal.TestMethodWorker.invokeTestMethods(TestMethodWorker.java:125)
	at org.testng.internal.TestMethodWorker.run(TestMethodWorker.java:109)
	at java.util.concurrent.ThreadPoolExecutor.runWorker(ThreadPoolExecutor.java:1149)
	at java.util.concurrent.ThreadPoolExecutor$Worker.run(ThreadPoolExecutor.java:624)
	at java.lang.Thread.run(Thread.java:748)
]]>
            </full-stacktrace>
          </exception>
        </test-method>
        <test-method status="PASS" signature="tearDown()" name="tearDown" is-config="true" duration-ms="3325" started-at="2017-10-27T14:29:27Z" finished-at="2017-10-27T14:29:30Z">
        </test-method>
      </class>
    </test>
  </suite>
</testng-results>
